slurmstepd: error: Unable to create TMPDIR [/tmp/user/1706201492]: No such file or directory
slurmstepd: error: Setting TMPDIR to /tmp

/projects1/users/huebler/16SCapture/16S_human_reads/crawlResults/aligned_vertebrata/AT_Mock_1_1000000.fasta.sort.sam
 501283 *
    119 JSAF02007242.19171.20977
     10 JSAF02036148.18353.19669
   3432 LAZQ01006704.5194.7044
     28 LAZQ01009337.8131.9955
   1548 LAZQ01021163.11735.13578
  10190 LCYE01000665.13354.15175
      1 LCYE01001188.2962.4766
      2 LCYE01001996.11019.12823
    130 LCYE01002463.4272.6071
     54 LCYE01002532.8440.10278
    649 LCYE01003785.7285.9081
     57 LCYE01004482.5289.6738
     22 LCYE01004630.3379.5214
      2 LCYE01005050.331.2155
    339 LCYE01005435.17531.18845
    158 LCYE01007724.1941.3770
      4 LCYE01008588.6327.8139
      3 LCYE01011249.7580.9406
     34 LCYE01011290.8624.10466
   2855 LCYE01011669.7100.8910
     51 LCYE01012378.4087.5932
      7 LCYE01013424.14897.16734
      3 LCYE01014339.3525.5335
    245 LCYE01016390.18574.20388
    284 LCYE01017028.3368.5204
      1 LCYE01017806.33147.34969
    178 LCYE01018203.10093.11919
     41 LCYE01019016.28043.29860
     30 LCYE01021061.4388.6226
     56 LCYE01024201.13034.14871
      2 LCYE01026094.5667.7495
      2 LDOC03002984.18734.20254
     49 LKHX01005123.15750.17584
    529 LKHX01005196.16970.18821
    690 LKHY01001628.26324.28158
    213 LKHY01001628.69630.71485
      1 LN:1229
      1 LN:1315
      1 LN:1317
      1 LN:1450
      1 LN:1513
      1 LN:1521
      1 LN:1793
      1 LN:1797
      1 LN:1798
      1 LN:1799
      1 LN:1800
      1 LN:1803
      2 LN:1805
      1 LN:1807
      2 LN:1811
      1 LN:1813
      1 LN:1815
      2 LN:1818
      1 LN:1821
      1 LN:1822
      1 LN:1823
      2 LN:1825
      2 LN:1827
      1 LN:1829
      1 LN:1830
      3 LN:1835
      1 LN:1836
      1 LN:1837
      2 LN:1838
      2 LN:1839
      1 LN:1843
      1 LN:1844
      1 LN:1846
      1 LN:1851
      1 LN:1852
      1 LN:1856
      1 LN:1877
     13 LRIL01003790.8806.10608
      1 LRIL01008447.12711.14509
      1 PN:bwa
      1 SO:coordinate
/projects1/users/huebler/16SCapture/16S_human_reads/crawlResults/aligned_vertebrata/AT_Mock_1_100000.fasta.sort.sam
 502413 *
    124 JSAF02007242.19171.20977
     16 JSAF02036148.18353.19669
      4 LAZQ01006243.1.1513
   3444 LAZQ01006704.5194.7044
     24 LAZQ01009337.8131.9955
   1676 LAZQ01021163.11735.13578
   9992 LCYE01000665.13354.15175
     12 LCYE01001188.2962.4766
    172 LCYE01002463.4272.6071
     20 LCYE01002532.8440.10278
    650 LCYE01003785.7285.9081
     65 LCYE01004482.5289.6738
     21 LCYE01004630.3379.5214
     12 LCYE01005050.331.2155
    107 LCYE01005435.17531.18845
    170 LCYE01007724.1941.3770
      5 LCYE01008588.6327.8139
      2 LCYE01011249.7580.9406
     46 LCYE01011290.8624.10466
   2855 LCYE01011669.7100.8910
     34 LCYE01012378.4087.5932
      4 LCYE01013424.14897.16734
      3 LCYE01014339.3525.5335
    404 LCYE01016390.18574.20388
    252 LCYE01017028.3368.5204
      5 LCYE01017806.33147.34969
    203 LCYE01018203.10093.11919
     22 LCYE01019016.28043.29860
     21 LCYE01021061.4388.6226
     44 LCYE01024201.13034.14871
     39 LKHX01005123.15750.17584
    641 LKHX01005196.16970.18821
    741 LKHY01001628.26324.28158
    135 LKHY01001628.69630.71485
      1 LN:1229
      1 LN:1315
      1 LN:1317
      1 LN:1450
      1 LN:1513
      1 LN:1521
      1 LN:1793
      1 LN:1797
      1 LN:1798
      1 LN:1799
      1 LN:1800
      1 LN:1803
      2 LN:1805
      1 LN:1807
      2 LN:1811
      1 LN:1813
      1 LN:1815
      2 LN:1818
      1 LN:1821
      1 LN:1822
      1 LN:1823
      2 LN:1825
      2 LN:1827
      1 LN:1829
      1 LN:1830
      3 LN:1835
      1 LN:1836
      1 LN:1837
      2 LN:1838
      2 LN:1839
      1 LN:1843
      1 LN:1844
      1 LN:1846
      1 LN:1851
      1 LN:1852
      1 LN:1856
      1 LN:1877
      8 LRIL01003790.8806.10608
      2 LRIL01008447.12711.14509
      1 PN:bwa
      1 SO:coordinate
/projects1/users/huebler/16SCapture/16S_human_reads/crawlResults/aligned_vertebrata/AT_Mock_1_10000.fasta.sort.sam
 320757 *
    133 JSAF02007242.19171.20977
      5 JSAF02036148.18353.19669
      3 LAZQ01006243.1.1513
   2152 LAZQ01006704.5194.7044
      9 LAZQ01009337.8131.9955
   1211 LAZQ01021163.11735.13578
   6173 LCYE01000665.13354.15175
     21 LCYE01001188.2962.4766
      1 LCYE01001996.11019.12823
    135 LCYE01002463.4272.6071
     27 LCYE01002532.8440.10278
    385 LCYE01003785.7285.9081
     50 LCYE01004482.5289.6738
      9 LCYE01004630.3379.5214
      3 LCYE01005050.331.2155
    128 LCYE01005435.17531.18845
    102 LCYE01007724.1941.3770
      9 LCYE01008588.6327.8139
     22 LCYE01011290.8624.10466
   2287 LCYE01011669.7100.8910
     46 LCYE01012378.4087.5932
      2 LCYE01013424.14897.16734
      1 LCYE01014339.3525.5335
    216 LCYE01016390.18574.20388
    242 LCYE01017028.3368.5204
      5 LCYE01017806.33147.34969
    122 LCYE01018203.10093.11919
     34 LCYE01019016.28043.29860
      4 LCYE01019639.9398.11232
     19 LCYE01021061.4388.6226
      1 LCYE01022262.10236.12056
     28 LCYE01024201.13034.14871
      1 LCYE01026094.5667.7495
      2 LDOC03002984.18734.20254
     56 LKHX01005123.15750.17584
    400 LKHX01005196.16970.18821
    510 LKHY01001628.26324.28158
     99 LKHY01001628.69630.71485
      1 LN:1229
      1 LN:1315
      1 LN:1317
      1 LN:1450
      1 LN:1513
      1 LN:1521
      1 LN:1793
      1 LN:1797
      1 LN:1798
      1 LN:1799
      1 LN:1800
      1 LN:1803
      2 LN:1805
      1 LN:1807
      2 LN:1811
      1 LN:1813
      1 LN:1815
      2 LN:1818
      1 LN:1821
      1 LN:1822
      1 LN:1823
      2 LN:1825
      2 LN:1827
      1 LN:1829
      1 LN:1830
      3 LN:1835
      1 LN:1836
      1 LN:1837
      2 LN:1838
      2 LN:1839
      1 LN:1843
      1 LN:1844
      1 LN:1846
      1 LN:1851
      1 LN:1852
      1 LN:1856
      1 LN:1877
      5 LRIL01003790.8806.10608
      1 PN:bwa
      1 SO:coordinate
/projects1/users/huebler/16SCapture/16S_human_reads/crawlResults/aligned_vertebrata/AT_Mock_1_1000.fasta.sort.sam
  97487 *
     31 JSAF02007242.19171.20977
      4 JSAF02036148.18353.19669
      1 LAZQ01006243.1.1513
    553 LAZQ01006704.5194.7044
      4 LAZQ01009337.8131.9955
    353 LAZQ01021163.11735.13578
   1782 LCYE01000665.13354.15175
      6 LCYE01001188.2962.4766
     26 LCYE01002463.4272.6071
      2 LCYE01002532.8440.10278
     96 LCYE01003785.7285.9081
     17 LCYE01004482.5289.6738
      2 LCYE01004630.3379.5214
     79 LCYE01005435.17531.18845
     23 LCYE01007724.1941.3770
      1 LCYE01008588.6327.8139
      7 LCYE01011290.8624.10466
    627 LCYE01011669.7100.8910
      8 LCYE01012378.4087.5932
     53 LCYE01016390.18574.20388
     62 LCYE01017028.3368.5204
      1 LCYE01017806.33147.34969
     45 LCYE01018203.10093.11919
      6 LCYE01019016.28043.29860
      6 LCYE01021061.4388.6226
      7 LCYE01024201.13034.14871
      1 LCYE01026094.5667.7495
      2 LDOC03002984.18734.20254
     11 LKHX01005123.15750.17584
    116 LKHX01005196.16970.18821
    133 LKHY01001628.26324.28158
     25 LKHY01001628.69630.71485
      1 LN:1229
      1 LN:1315
      1 LN:1317
      1 LN:1450
      1 LN:1513
      1 LN:1521
      1 LN:1793
      1 LN:1797
      1 LN:1798
      1 LN:1799
      1 LN:1800
      1 LN:1803
      2 LN:1805
      1 LN:1807
      2 LN:1811
      1 LN:1813
      1 LN:1815
      2 LN:1818
      1 LN:1821
      1 LN:1822
      1 LN:1823
      2 LN:1825
      2 LN:1827
      1 LN:1829
      1 LN:1830
      3 LN:1835
      1 LN:1836
      1 LN:1837
      2 LN:1838
      2 LN:1839
      1 LN:1843
      1 LN:1844
      1 LN:1846
      1 LN:1851
      1 LN:1852
      1 LN:1856
      1 LN:1877
      3 LRIL01003790.8806.10608
      1 PN:bwa
      1 SO:coordinate
/projects1/users/huebler/16SCapture/16S_human_reads/crawlResults/aligned_vertebrata/AT_Mock_1_100.fasta.sort.sam
  40803 *
      4 JSAF02007242.19171.20977
    152 LAZQ01006704.5194.7044
      2 LAZQ01009337.8131.9955
     99 LAZQ01021163.11735.13578
    766 LCYE01000665.13354.15175
      8 LCYE01002463.4272.6071
      1 LCYE01002532.8440.10278
     25 LCYE01003785.7285.9081
      8 LCYE01004482.5289.6738
      3 LCYE01004630.3379.5214
     10 LCYE01005435.17531.18845
      4 LCYE01007724.1941.3770
      2 LCYE01011290.8624.10466
    123 LCYE01011669.7100.8910
      1 LCYE01012378.4087.5932
     23 LCYE01016390.18574.20388
     19 LCYE01017028.3368.5204
     24 LCYE01018203.10093.11919
      1 LCYE01019016.28043.29860
      3 LCYE01021061.4388.6226
      2 LCYE01024201.13034.14871
      1 LDOC03002984.18734.20254
      6 LKHX01005123.15750.17584
     26 LKHX01005196.16970.18821
     30 LKHY01001628.26324.28158
      7 LKHY01001628.69630.71485
      1 LN:1229
      1 LN:1315
      1 LN:1317
      1 LN:1450
      1 LN:1513
      1 LN:1521
      1 LN:1793
      1 LN:1797
      1 LN:1798
      1 LN:1799
      1 LN:1800
      1 LN:1803
      2 LN:1805
      1 LN:1807
      2 LN:1811
      1 LN:1813
      1 LN:1815
      2 LN:1818
      1 LN:1821
      1 LN:1822
      1 LN:1823
      2 LN:1825
      2 LN:1827
      1 LN:1829
      1 LN:1830
      3 LN:1835
      1 LN:1836
      1 LN:1837
      2 LN:1838
      2 LN:1839
      1 LN:1843
      1 LN:1844
      1 LN:1846
      1 LN:1851
      1 LN:1852
      1 LN:1856
      1 LN:1877
      1 LRIL01003790.8806.10608
      1 PN:bwa
      1 SO:coordinate
/projects1/users/huebler/16SCapture/16S_human_reads/crawlResults/aligned_vertebrata/AT_Mock_1_50_1.fasta.sort.sam
1820459 *
     42 JSAF02007242.19171.20977
      6 JSAF02036148.18353.19669
      4 LAZQ01006243.1.1513
     86 LAZQ01006704.5194.7044
      5 LAZQ01009337.8131.9955
    498 LAZQ01021163.11735.13578
  33955 LCYE01000665.13354.15175
     34 LCYE01001188.2962.4766
      1 LCYE01001206.4928.6156
      1 LCYE01001996.11019.12823
     29 LCYE01002463.4272.6071
     49 LCYE01002532.8440.10278
     48 LCYE01003785.7285.9081
    108 LCYE01004482.5289.6738
     66 LCYE01004630.3379.5214
     38 LCYE01005050.331.2155
      8 LCYE01005435.17531.18845
     94 LCYE01007724.1941.3770
      3 LCYE01008588.6327.8139
     21 LCYE01011249.7580.9406
    557 LCYE01011290.8624.10466
     93 LCYE01011669.7100.8910
    158 LCYE01012378.4087.5932
      5 LCYE01013424.14897.16734
     28 LCYE01014339.3525.5335
    321 LCYE01016390.18574.20388
    115 LCYE01017028.3368.5204
     21 LCYE01017806.33147.34969
    639 LCYE01018203.10093.11919
     98 LCYE01019016.28043.29860
      4 LCYE01019639.9398.11232
     84 LCYE01021061.4388.6226
     38 LCYE01022262.10236.12056
     28 LCYE01024201.13034.14871
     39 LCYE01026094.5667.7495
      2 LCYE01026099.6613.8405
    122 LDOC03002984.18734.20254
     65 LKHX01005123.15750.17584
    157 LKHX01005196.16970.18821
     81 LKHY01001628.26324.28158
     60 LKHY01001628.69630.71485
      1 LN:1229
      1 LN:1315
      1 LN:1317
      1 LN:1450
      1 LN:1513
      1 LN:1521
      1 LN:1793
      1 LN:1797
      1 LN:1798
      1 LN:1799
      1 LN:1800
      1 LN:1803
      2 LN:1805
      1 LN:1807
      2 LN:1811
      1 LN:1813
      1 LN:1815
      2 LN:1818
      1 LN:1821
      1 LN:1822
      1 LN:1823
      2 LN:1825
      2 LN:1827
      1 LN:1829
      1 LN:1830
      3 LN:1835
      1 LN:1836
      1 LN:1837
      2 LN:1838
      2 LN:1839
      1 LN:1843
      1 LN:1844
      1 LN:1846
      1 LN:1851
      1 LN:1852
      1 LN:1856
      1 LN:1877
      9 LRIL01003790.8806.10608
      1 LRIL01008447.12711.14509
      1 PN:bwa
      1 SO:coordinate
/projects1/users/huebler/16SCapture/16S_human_reads/crawlResults/aligned_vertebrata/AT_Mock_1_50_2.fasta.sort.sam
    103 *
      1 LAZQ01006704.5194.7044
      1 LCYE01000665.13354.15175
      1 LKHY01001628.26324.28158
      1 LN:1229
      1 LN:1315
      1 LN:1317
      1 LN:1450
      1 LN:1513
      1 LN:1521
      1 LN:1793
      1 LN:1797
      1 LN:1798
      1 LN:1799
      1 LN:1800
      1 LN:1803
      2 LN:1805
      1 LN:1807
      2 LN:1811
      1 LN:1813
      1 LN:1815
      2 LN:1818
      1 LN:1821
      1 LN:1822
      1 LN:1823
      2 LN:1825
      2 LN:1827
      1 LN:1829
      1 LN:1830
      3 LN:1835
      1 LN:1836
      1 LN:1837
      2 LN:1838
      2 LN:1839
      1 LN:1843
      1 LN:1844
      1 LN:1846
      1 LN:1851
      1 LN:1852
      1 LN:1856
      1 LN:1877
      1 PN:bwa
      1 SO:coordinate
/projects1/users/huebler/16SCapture/16S_human_reads/crawlResults/aligned_vertebrata/AT_Mock_1_50_3.fasta.sort.sam
  45270 *
      5 JSAF02007242.19171.20977
      1 JSAF02036148.18353.19669
     76 LAZQ01006704.5194.7044
    175 LAZQ01021163.11735.13578
    988 LCYE01000665.13354.15175
      1 LCYE01001206.4928.6156
     16 LCYE01002463.4272.6071
      3 LCYE01002532.8440.10278
     24 LCYE01003785.7285.9081
      8 LCYE01004482.5289.6738
      1 LCYE01005050.331.2155
      4 LCYE01005435.17531.18845
      6 LCYE01007724.1941.3770
      1 LCYE01008588.6327.8139
      6 LCYE01011290.8624.10466
     97 LCYE01011669.7100.8910
     11 LCYE01012378.4087.5932
     28 LCYE01016390.18574.20388
     38 LCYE01017028.3368.5204
     93 LCYE01018203.10093.11919
      3 LCYE01019016.28043.29860
     10 LCYE01021061.4388.6226
      9 LCYE01024201.13034.14871
      3 LDOC03002984.18734.20254
     10 LKHX01005123.15750.17584
     22 LKHX01005196.16970.18821
     22 LKHY01001628.26324.28158
     14 LKHY01001628.69630.71485
      1 LN:1229
      1 LN:1315
      1 LN:1317
      1 LN:1450
      1 LN:1513
      1 LN:1521
      1 LN:1793
      1 LN:1797
      1 LN:1798
      1 LN:1799
      1 LN:1800
      1 LN:1803
      2 LN:1805
      1 LN:1807
      2 LN:1811
      1 LN:1813
      1 LN:1815
      2 LN:1818
      1 LN:1821
      1 LN:1822
      1 LN:1823
      2 LN:1825
      2 LN:1827
      1 LN:1829
      1 LN:1830
      3 LN:1835
      1 LN:1836
      1 LN:1837
      2 LN:1838
      2 LN:1839
      1 LN:1843
      1 LN:1844
      1 LN:1846
      1 LN:1851
      1 LN:1852
      1 LN:1856
      1 LN:1877
      1 LRIL01003790.8806.10608
      1 PN:bwa
      1 SO:coordinate
/projects1/users/huebler/16SCapture/16S_human_reads/crawlResults/aligned_vertebrata/AT_Mock_1_50_4.fasta.sort.sam
  89240 *
      3 JSAF02007242.19171.20977
      1 JSAF02036148.18353.19669
     66 LAZQ01006704.5194.7044
    204 LAZQ01021163.11735.13578
   2346 LCYE01000665.13354.15175
      1 LCYE01001206.4928.6156
     16 LCYE01002463.4272.6071
      4 LCYE01002532.8440.10278
     20 LCYE01003785.7285.9081
     17 LCYE01004482.5289.6738
      2 LCYE01004630.3379.5214
      1 LCYE01005050.331.2155
      3 LCYE01005435.17531.18845
      8 LCYE01007724.1941.3770
      1 LCYE01008588.6327.8139
     11 LCYE01011290.8624.10466
     61 LCYE01011669.7100.8910
     17 LCYE01012378.4087.5932
      1 LCYE01014339.3525.5335
     32 LCYE01016390.18574.20388
     34 LCYE01017028.3368.5204
      1 LCYE01017806.33147.34969
    163 LCYE01018203.10093.11919
      3 LCYE01019016.28043.29860
     19 LCYE01021061.4388.6226
      2 LCYE01022262.10236.12056
      3 LCYE01024201.13034.14871
      2 LCYE01026094.5667.7495
      8 LDOC03002984.18734.20254
     17 LKHX01005123.15750.17584
     29 LKHX01005196.16970.18821
     23 LKHY01001628.26324.28158
     16 LKHY01001628.69630.71485
      1 LN:1229
      1 LN:1315
      1 LN:1317
      1 LN:1450
      1 LN:1513
      1 LN:1521
      1 LN:1793
      1 LN:1797
      1 LN:1798
      1 LN:1799
      1 LN:1800
      1 LN:1803
      2 LN:1805
      1 LN:1807
      2 LN:1811
      1 LN:1813
      1 LN:1815
      2 LN:1818
      1 LN:1821
      1 LN:1822
      1 LN:1823
      2 LN:1825
      2 LN:1827
      1 LN:1829
      1 LN:1830
      3 LN:1835
      1 LN:1836
      1 LN:1837
      2 LN:1838
      2 LN:1839
      1 LN:1843
      1 LN:1844
      1 LN:1846
      1 LN:1851
      1 LN:1852
      1 LN:1856
      1 LN:1877
      2 LRIL01003790.8806.10608
      1 PN:bwa
      1 SO:coordinate
/projects1/users/huebler/16SCapture/16S_human_reads/crawlResults/aligned_vertebrata/AT_Mock_1_50.fasta.sort.sam
  26126 *
     13 JSAF02007242.19171.20977
      1 JSAF02036148.18353.19669
      1 LAZQ01006243.1.1513
    117 LAZQ01006704.5194.7044
     71 LAZQ01021163.11735.13578
    462 LCYE01000665.13354.15175
      1 LCYE01001188.2962.4766
      9 LCYE01002463.4272.6071
      3 LCYE01002532.8440.10278
     15 LCYE01003785.7285.9081
      4 LCYE01004482.5289.6738
     13 LCYE01005435.17531.18845
      9 LCYE01007724.1941.3770
      5 LCYE01011290.8624.10466
    114 LCYE01011669.7100.8910
      3 LCYE01012378.4087.5932
     13 LCYE01016390.18574.20388
     11 LCYE01017028.3368.5204
     12 LCYE01018203.10093.11919
      7 LCYE01021061.4388.6226
      5 LCYE01024201.13034.14871
      3 LKHX01005123.15750.17584
     34 LKHX01005196.16970.18821
     12 LKHY01001628.26324.28158
      9 LKHY01001628.69630.71485
      1 LN:1229
      1 LN:1315
      1 LN:1317
      1 LN:1450
      1 LN:1513
      1 LN:1521
      1 LN:1793
      1 LN:1797
      1 LN:1798
      1 LN:1799
      1 LN:1800
      1 LN:1803
      2 LN:1805
      1 LN:1807
      2 LN:1811
      1 LN:1813
      1 LN:1815
      2 LN:1818
      1 LN:1821
      1 LN:1822
      1 LN:1823
      2 LN:1825
      2 LN:1827
      1 LN:1829
      1 LN:1830
      3 LN:1835
      1 LN:1836
      1 LN:1837
      2 LN:1838
      2 LN:1839
      1 LN:1843
      1 LN:1844
      1 LN:1846
      1 LN:1851
      1 LN:1852
      1 LN:1856
      1 LN:1877
      1 PN:bwa
      1 SO:coordinate
/projects1/users/huebler/16SCapture/16S_human_reads/crawlResults/aligned_vertebrata/patient_1_AT.fasta.sort.sam
  70518 *
     43 JSAF02007242.19171.20977
      2 JSAF02036148.18353.19669
      3 LAZQ01006243.1.1513
    459 LAZQ01006704.5194.7044
      6 LAZQ01009337.8131.9955
    247 LAZQ01021163.11735.13578
   1428 LCYE01000665.13354.15175
      6 LCYE01001188.2962.4766
      1 LCYE01001996.11019.12823
     61 LCYE01002463.4272.6071
      7 LCYE01002532.8440.10278
     25 LCYE01003785.7285.9081
     10 LCYE01004482.5289.6738
      2 LCYE01004630.3379.5214
      3 LCYE01005050.331.2155
     57 LCYE01005435.17531.18845
     20 LCYE01007724.1941.3770
     11 LCYE01011290.8624.10466
    630 LCYE01011669.7100.8910
     15 LCYE01012378.4087.5932
      2 LCYE01014339.3525.5335
     55 LCYE01016390.18574.20388
     69 LCYE01017028.3368.5204
     52 LCYE01018203.10093.11919
      9 LCYE01019016.28043.29860
     12 LCYE01021061.4388.6226
     15 LCYE01024201.13034.14871
      1 LCYE01026094.5667.7495
      1 LDOC03002984.18734.20254
     16 LKHX01005123.15750.17584
     67 LKHX01005196.16970.18821
     74 LKHY01001628.26324.28158
     25 LKHY01001628.69630.71485
      1 LN:1229
      1 LN:1315
      1 LN:1317
      1 LN:1450
      1 LN:1513
      1 LN:1521
      1 LN:1793
      1 LN:1797
      1 LN:1798
      1 LN:1799
      1 LN:1800
      1 LN:1803
      2 LN:1805
      1 LN:1807
      2 LN:1811
      1 LN:1813
      1 LN:1815
      2 LN:1818
      1 LN:1821
      1 LN:1822
      1 LN:1823
      2 LN:1825
      2 LN:1827
      1 LN:1829
      1 LN:1830
      3 LN:1835
      1 LN:1836
      1 LN:1837
      2 LN:1838
      2 LN:1839
      1 LN:1843
      1 LN:1844
      1 LN:1846
      1 LN:1851
      1 LN:1852
      1 LN:1856
      1 LN:1877
      3 LRIL01003790.8806.10608
      1 PN:bwa
      1 SO:coordinate
