slurmstepd: error: Unable to create TMPDIR [/tmp/user/1706201492]: Permission denied
slurmstepd: error: Setting TMPDIR to /tmp

/projects1/users/huebler/16SCapture/16S_human_reads/crawlResults/aligned/AT_Mock_1_1000000.fasta.sort.sam
 144967 *
     19 chr1
    233 chr10
    192 chr11
  24172 chr12
  17467 chr13
    529 chr14
      3 chr15
  81995 chr16
   2763 chr17
   4525 chr18
     23 chr19
  35401 chr2
  10151 chr20
 182896 chr21
      4 chr22
     53 chr3
    610 chr4
    218 chr5
      5 chr6
     43 chr7
      2 chr8
   8551 chr9
     26 chrMT
     56 chrX
   8411 chrY
      1 LN:102531392
      1 LN:107349540
      1 LN:115169878
      1 LN:133851895
      1 LN:135006516
      1 LN:135534747
      1 LN:141213431
      1 LN:146364022
      1 LN:155270560
      1 LN:159138663
      1 LN:16569
      1 LN:171115067
      1 LN:180915260
      1 LN:191154276
      1 LN:198022430
      1 LN:243199373
      1 LN:249250621
      1 LN:48129895
      1 LN:51304566
      1 LN:59128983
      1 LN:59373566
      1 LN:63025520
      1 LN:78077248
      1 LN:81195210
      1 LN:90354753
      1 PN:bwa
      1 SO:coordinate
/projects1/users/huebler/16SCapture/16S_human_reads/crawlResults/aligned/AT_Mock_1_100000.fasta.sort.sam
 144294 *
     28 chr1
    201 chr10
    230 chr11
  25269 chr12
  20320 chr13
    527 chr14
      2 chr15
  80504 chr16
   2477 chr17
   3988 chr18
     13 chr19
  36128 chr2
  10493 chr20
 182241 chr21
      4 chr22
     30 chr3
    652 chr4
    185 chr5
      4 chr6
     44 chr7
      3 chr8
   8712 chr9
     23 chrMT
     51 chrX
   7965 chrY
      1 LN:102531392
      1 LN:107349540
      1 LN:115169878
      1 LN:133851895
      1 LN:135006516
      1 LN:135534747
      1 LN:141213431
      1 LN:146364022
      1 LN:155270560
      1 LN:159138663
      1 LN:16569
      1 LN:171115067
      1 LN:180915260
      1 LN:191154276
      1 LN:198022430
      1 LN:243199373
      1 LN:249250621
      1 LN:48129895
      1 LN:51304566
      1 LN:59128983
      1 LN:59373566
      1 LN:63025520
      1 LN:78077248
      1 LN:81195210
      1 LN:90354753
      1 PN:bwa
      1 SO:coordinate
/projects1/users/huebler/16SCapture/16S_human_reads/crawlResults/aligned/AT_Mock_1_10000.fasta.sort.sam
  93410 *
     15 chr1
    152 chr10
    114 chr11
  16563 chr12
  12885 chr13
    352 chr14
      2 chr15
  52994 chr16
   1679 chr17
   2957 chr18
      9 chr19
  23126 chr2
   6779 chr20
 112521 chr21
      1 chr22
     16 chr3
    388 chr4
    113 chr5
      3 chr6
     43 chr7
      5 chr8
   6029 chr9
     34 chrMT
     33 chrX
   5192 chrY
      1 LN:102531392
      1 LN:107349540
      1 LN:115169878
      1 LN:133851895
      1 LN:135006516
      1 LN:135534747
      1 LN:141213431
      1 LN:146364022
      1 LN:155270560
      1 LN:159138663
      1 LN:16569
      1 LN:171115067
      1 LN:180915260
      1 LN:191154276
      1 LN:198022430
      1 LN:243199373
      1 LN:249250621
      1 LN:48129895
      1 LN:51304566
      1 LN:59128983
      1 LN:59373566
      1 LN:63025520
      1 LN:78077248
      1 LN:81195210
      1 LN:90354753
      1 PN:bwa
      1 SO:coordinate
/projects1/users/huebler/16SCapture/16S_human_reads/crawlResults/aligned/AT_Mock_1_1000.fasta.sort.sam
  30484 *
      3 chr1
     28 chr10
     63 chr11
   5488 chr12
   2965 chr13
    122 chr14
  15599 chr16
    593 chr17
   1011 chr18
      2 chr19
   6703 chr2
   2104 chr20
  32282 chr21
      3 chr3
    114 chr4
     21 chr5
      5 chr6
      8 chr7
      4 chr8
   2010 chr9
      9 chrMT
     18 chrX
   1941 chrY
      1 LN:102531392
      1 LN:107349540
      1 LN:115169878
      1 LN:133851895
      1 LN:135006516
      1 LN:135534747
      1 LN:141213431
      1 LN:146364022
      1 LN:155270560
      1 LN:159138663
      1 LN:16569
      1 LN:171115067
      1 LN:180915260
      1 LN:191154276
      1 LN:198022430
      1 LN:243199373
      1 LN:249250621
      1 LN:48129895
      1 LN:51304566
      1 LN:59128983
      1 LN:59373566
      1 LN:63025520
      1 LN:78077248
      1 LN:81195210
      1 LN:90354753
      1 PN:bwa
      1 SO:coordinate
/projects1/users/huebler/16SCapture/16S_human_reads/crawlResults/aligned/AT_Mock_1_100.fasta.sort.sam
  13764 *
      2 chr1
     17 chr10
     30 chr11
   2543 chr12
    810 chr13
     51 chr14
      1 chr15
   5867 chr16
    330 chr17
    515 chr18
      3 chr19
   2704 chr2
    917 chr20
  12590 chr21
      7 chr3
     65 chr4
     18 chr5
      2 chr6
      8 chr7
      4 chr8
    940 chr9
      2 chrMT
     13 chrX
    951 chrY
      1 LN:102531392
      1 LN:107349540
      1 LN:115169878
      1 LN:133851895
      1 LN:135006516
      1 LN:135534747
      1 LN:141213431
      1 LN:146364022
      1 LN:155270560
      1 LN:159138663
      1 LN:16569
      1 LN:171115067
      1 LN:180915260
      1 LN:191154276
      1 LN:198022430
      1 LN:243199373
      1 LN:249250621
      1 LN:48129895
      1 LN:51304566
      1 LN:59128983
      1 LN:59373566
      1 LN:63025520
      1 LN:78077248
      1 LN:81195210
      1 LN:90354753
      1 PN:bwa
      1 SO:coordinate
/projects1/users/huebler/16SCapture/16S_human_reads/crawlResults/aligned/AT_Mock_1_50_1.fasta.sort.sam
 890255 *
      5 chr1
     11 chr10
   1105 chr11
 125750 chr12
    252 chr13
   6482 chr14
      3 chr15
 236771 chr16
    166 chr17
    211 chr18
     38 chr19
 167560 chr2
    202 chr20
 425363 chr21
      1 chr22
      7 chr3
     20 chr4
    397 chr5
     10 chr6
    352 chr7
      1 chr8
    440 chr9
      3 chrMT
     14 chrX
   2861 chrY
      1 LN:102531392
      1 LN:107349540
      1 LN:115169878
      1 LN:133851895
      1 LN:135006516
      1 LN:135534747
      1 LN:141213431
      1 LN:146364022
      1 LN:155270560
      1 LN:159138663
      1 LN:16569
      1 LN:171115067
      1 LN:180915260
      1 LN:191154276
      1 LN:198022430
      1 LN:243199373
      1 LN:249250621
      1 LN:48129895
      1 LN:51304566
      1 LN:59128983
      1 LN:59373566
      1 LN:63025520
      1 LN:78077248
      1 LN:81195210
      1 LN:90354753
      1 PN:bwa
      1 SO:coordinate
/projects1/users/huebler/16SCapture/16S_human_reads/crawlResults/aligned/AT_Mock_1_50_2.fasta.sort.sam
     44 *
      6 chr12
      1 chr13
     14 chr16
      5 chr2
      3 chr20
     31 chr21
      1 chr3
      1 chr9
      1 LN:102531392
      1 LN:107349540
      1 LN:115169878
      1 LN:133851895
      1 LN:135006516
      1 LN:135534747
      1 LN:141213431
      1 LN:146364022
      1 LN:155270560
      1 LN:159138663
      1 LN:16569
      1 LN:171115067
      1 LN:180915260
      1 LN:191154276
      1 LN:198022430
      1 LN:243199373
      1 LN:249250621
      1 LN:48129895
      1 LN:51304566
      1 LN:59128983
      1 LN:59373566
      1 LN:63025520
      1 LN:78077248
      1 LN:81195210
      1 LN:90354753
      1 PN:bwa
      1 SO:coordinate
/projects1/users/huebler/16SCapture/16S_human_reads/crawlResults/aligned/AT_Mock_1_50_3.fasta.sort.sam
  14766 *
      7 chr1
     14 chr10
     25 chr11
   1870 chr12
    481 chr13
    128 chr14
      1 chr15
   7731 chr16
    293 chr17
    458 chr18
      3 chr19
   3541 chr2
    243 chr20
  15504 chr21
      1 chr22
      7 chr3
     54 chr4
     23 chr5
      5 chr6
     23 chr7
    661 chr9
      6 chrMT
      9 chrX
   1092 chrY
      1 LN:102531392
      1 LN:107349540
      1 LN:115169878
      1 LN:133851895
      1 LN:135006516
      1 LN:135534747
      1 LN:141213431
      1 LN:146364022
      1 LN:155270560
      1 LN:159138663
      1 LN:16569
      1 LN:171115067
      1 LN:180915260
      1 LN:191154276
      1 LN:198022430
      1 LN:243199373
      1 LN:249250621
      1 LN:48129895
      1 LN:51304566
      1 LN:59128983
      1 LN:59373566
      1 LN:63025520
      1 LN:78077248
      1 LN:81195210
      1 LN:90354753
      1 PN:bwa
      1 SO:coordinate
/projects1/users/huebler/16SCapture/16S_human_reads/crawlResults/aligned/AT_Mock_1_50_4.fasta.sort.sam
  33046 *
      5 chr1
     23 chr10
     38 chr11
   4504 chr12
    369 chr13
    199 chr14
      1 chr15
  11875 chr16
    194 chr17
    316 chr18
      2 chr19
   5779 chr2
    352 chr20
  34338 chr21
      1 chr22
      8 chr3
     41 chr4
     22 chr5
      8 chr6
     24 chr7
      2 chr8
    484 chr9
      6 chrMT
      9 chrX
    731 chrY
      1 LN:102531392
      1 LN:107349540
      1 LN:115169878
      1 LN:133851895
      1 LN:135006516
      1 LN:135534747
      1 LN:141213431
      1 LN:146364022
      1 LN:155270560
      1 LN:159138663
      1 LN:16569
      1 LN:171115067
      1 LN:180915260
      1 LN:191154276
      1 LN:198022430
      1 LN:243199373
      1 LN:249250621
      1 LN:48129895
      1 LN:51304566
      1 LN:59128983
      1 LN:59373566
      1 LN:63025520
      1 LN:78077248
      1 LN:81195210
      1 LN:90354753
      1 PN:bwa
      1 SO:coordinate
/projects1/users/huebler/16SCapture/16S_human_reads/crawlResults/aligned/AT_Mock_1_50.fasta.sort.sam
   8818 *
      6 chr1
      8 chr10
     22 chr11
   1688 chr12
    479 chr13
     27 chr14
      1 chr15
   3619 chr16
    269 chr17
    348 chr18
      5 chr19
   1715 chr2
    579 chr20
   8123 chr21
     11 chr3
     28 chr4
     12 chr5
      6 chr6
      3 chr7
      2 chr8
    654 chr9
      2 chrMT
      9 chrX
    639 chrY
      1 LN:102531392
      1 LN:107349540
      1 LN:115169878
      1 LN:133851895
      1 LN:135006516
      1 LN:135534747
      1 LN:141213431
      1 LN:146364022
      1 LN:155270560
      1 LN:159138663
      1 LN:16569
      1 LN:171115067
      1 LN:180915260
      1 LN:191154276
      1 LN:198022430
      1 LN:243199373
      1 LN:249250621
      1 LN:48129895
      1 LN:51304566
      1 LN:59128983
      1 LN:59373566
      1 LN:63025520
      1 LN:78077248
      1 LN:81195210
      1 LN:90354753
      1 PN:bwa
      1 SO:coordinate
/projects1/users/huebler/16SCapture/16S_human_reads/crawlResults/aligned/patient_1_AT.fasta.sort.sam
  22412 *
     21 chr1
     29 chr10
     46 chr11
   3640 chr12
   1579 chr13
    109 chr14
      1 chr15
  10731 chr16
    510 chr17
    901 chr18
      7 chr19
   4587 chr2
   1802 chr20
  24130 chr21
      3 chr22
     13 chr3
    104 chr4
     33 chr5
      7 chr6
     17 chr7
      7 chr8
   1581 chr9
     11 chrMT
     20 chrX
   1654 chrY
      1 LN:102531392
      1 LN:107349540
      1 LN:115169878
      1 LN:133851895
      1 LN:135006516
      1 LN:135534747
      1 LN:141213431
      1 LN:146364022
      1 LN:155270560
      1 LN:159138663
      1 LN:16569
      1 LN:171115067
      1 LN:180915260
      1 LN:191154276
      1 LN:198022430
      1 LN:243199373
      1 LN:249250621
      1 LN:48129895
      1 LN:51304566
      1 LN:59128983
      1 LN:59373566
      1 LN:63025520
      1 LN:78077248
      1 LN:81195210
      1 LN:90354753
      1 PN:bwa
      1 SO:coordinate
